CRITICAL - 2023-05-04 13:33:32 --> syntax error, unexpected 'action' (T_STRING), expecting ';' or ','
in APPPATH\Views\iniciosesion.php on line 3.
 1 SYSTEMPATH\View\View.php(216): CodeIgniter\View\View->CodeIgniter\View\{closure}()
 2 SYSTEMPATH\Common.php(1184): CodeIgniter\View\View->render('iniciosesion', [], true)
 3 APPPATH\Controllers\Home.php(69): view('iniciosesion')
 4 SYSTEMPATH\CodeIgniter.php(934): App\Controllers\Home->sesionMetodo()
 5 SYSTEMPATH\CodeIgniter.php(499): CodeIgniter\CodeIgniter->runController(Object(App\Controllers\Home))
 6 SYSTEMPATH\CodeIgniter.php(368): CodeIgniter\CodeIgniter->handleRequest(null, Object(Config\Cache), false)
 7 FCPATH\index.php(67): CodeIgniter\CodeIgniter->run()
CRITICAL - 2023-05-04 13:34:34 --> Call to undefined function form_open()
in APPPATH\Views\iniciosesion.php on line 3.
 1 SYSTEMPATH\View\View.php(213): include()
 2 SYSTEMPATH\View\View.php(216): CodeIgniter\View\View->CodeIgniter\View\{closure}()
 3 SYSTEMPATH\Common.php(1184): CodeIgniter\View\View->render('iniciosesion', [], true)
 4 APPPATH\Controllers\Home.php(69): view('iniciosesion')
 5 SYSTEMPATH\CodeIgniter.php(934): App\Controllers\Home->sesionMetodo()
 6 SYSTEMPATH\CodeIgniter.php(499): CodeIgniter\CodeIgniter->runController(Object(App\Controllers\Home))
 7 SYSTEMPATH\CodeIgniter.php(368): CodeIgniter\CodeIgniter->handleRequest(null, Object(Config\Cache), false)
 8 FCPATH\index.php(67): CodeIgniter\CodeIgniter->run()
CRITICAL - 2023-05-04 13:35:00 --> Call to undefined function form_open()
in APPPATH\Views\iniciosesion.php on line 3.
 1 SYSTEMPATH\View\View.php(213): include()
 2 SYSTEMPATH\View\View.php(216): CodeIgniter\View\View->CodeIgniter\View\{closure}()
 3 SYSTEMPATH\Common.php(1184): CodeIgniter\View\View->render('iniciosesion', [], true)
 4 APPPATH\Controllers\Home.php(69): view('iniciosesion')
 5 SYSTEMPATH\CodeIgniter.php(934): App\Controllers\Home->sesionMetodo()
 6 SYSTEMPATH\CodeIgniter.php(499): CodeIgniter\CodeIgniter->runController(Object(App\Controllers\Home))
 7 SYSTEMPATH\CodeIgniter.php(368): CodeIgniter\CodeIgniter->handleRequest(null, Object(Config\Cache), false)
 8 FCPATH\index.php(67): CodeIgniter\CodeIgniter->run()
CRITICAL - 2023-05-04 13:35:01 --> Call to undefined function form_open()
in APPPATH\Views\iniciosesion.php on line 3.
 1 SYSTEMPATH\View\View.php(213): include()
 2 SYSTEMPATH\View\View.php(216): CodeIgniter\View\View->CodeIgniter\View\{closure}()
 3 SYSTEMPATH\Common.php(1184): CodeIgniter\View\View->render('iniciosesion', [], true)
 4 APPPATH\Controllers\Home.php(69): view('iniciosesion')
 5 SYSTEMPATH\CodeIgniter.php(934): App\Controllers\Home->sesionMetodo()
 6 SYSTEMPATH\CodeIgniter.php(499): CodeIgniter\CodeIgniter->runController(Object(App\Controllers\Home))
 7 SYSTEMPATH\CodeIgniter.php(368): CodeIgniter\CodeIgniter->handleRequest(null, Object(Config\Cache), false)
 8 FCPATH\index.php(67): CodeIgniter\CodeIgniter->run()
